This is pdfTeXk, Version 3.141592-1.40.3 (Web2C 7.5.6) (format=latex 2011.3.22)  16 JAN 2012 11:52
entering extended mode
 %&-line parsing enabled.
**TeoriaDiBase.tex
(./TeoriaDiBase.tex
LaTeX2e <2005/12/01>
Babel <v3.8h> and hyphenation patterns for english, usenglishmax, dumylang, noh
yphenation, arabic, basque, bulgarian, coptic, welsh, czech, slovak, german, ng
erman, danish, esperanto, spanish, catalan, galician, estonian, farsi, finnish,
 french, greek, monogreek, ancientgreek, croatian, hungarian, interlingua, ibyc
us, indonesian, icelandic, italian, latin, mongolian, dutch, norsk, polish, por
tuguese, pinyin, romanian, russian, slovenian, uppersorbian, serbian, swedish, 
turkish, ukenglish, ukrainian, loaded.
(./llncs.cls
Document Class: llncs 2002/01/28 v2.13 
 LaTeX document class for Lecture Notes in Computer Science
(/usr/share/texmf/tex/latex/base/article.cls
Document Class: article 2005/09/16 v1.4f Standard LaTeX document class
(/usr/share/texmf/tex/latex/base/size10.clo
File: size10.clo 2005/09/16 v1.4f Standard LaTeX file (size option)
)
\c@part=\count79
\c@section=\count80
\c@subsection=\count81
\c@subsubsection=\count82
\c@paragraph=\count83
\c@subparagraph=\count84
\c@figure=\count85
\c@table=\count86
\abovecaptionskip=\skip41
\belowcaptionskip=\skip42
\bibindent=\dimen102
)
(/usr/share/texmf/tex/latex/tools/multicol.sty
Package: multicol 2006/05/18 v1.6g multicolumn formatting (FMi)
\c@tracingmulticols=\count87
\mult@box=\box26
\multicol@leftmargin=\dimen103
\c@unbalance=\count88
\c@collectmore=\count89
\doublecol@number=\count90
\multicoltolerance=\count91
\multicolpretolerance=\count92
\full@width=\dimen104
\page@free=\dimen105
\premulticols=\dimen106
\postmulticols=\dimen107
\multicolsep=\skip43
\multicolbaselineskip=\skip44
\partial@page=\box27
\last@line=\box28
\mult@rightbox=\box29
\mult@grightbox=\box30
\mult@gfirstbox=\box31
\mult@firstbox=\box32
\@tempa=\box33
\@tempa=\box34
\@tempa=\box35
\@tempa=\box36
\@tempa=\box37
\@tempa=\box38
\@tempa=\box39
\@tempa=\box40
\@tempa=\box41
\@tempa=\box42
\@tempa=\box43
\@tempa=\box44
\@tempa=\box45
\@tempa=\box46
\@tempa=\box47
\@tempa=\box48
\@tempa=\box49
\c@columnbadness=\count93
\c@finalcolumnbadness=\count94
\last@try=\dimen108
\multicolovershoot=\dimen109
\multicolundershoot=\dimen110
\mult@nat@firstbox=\box50
\colbreak@box=\box51
)
\c@chapter=\count95
LaTeX Font Info:    Redeclaring math symbol \Gamma on input line 360.
LaTeX Font Info:    Redeclaring math symbol \Delta on input line 361.
LaTeX Font Info:    Redeclaring math symbol \Theta on input line 362.
LaTeX Font Info:    Redeclaring math symbol \Lambda on input line 363.
LaTeX Font Info:    Redeclaring math symbol \Xi on input line 364.
LaTeX Font Info:    Redeclaring math symbol \Pi on input line 365.
LaTeX Font Info:    Redeclaring math symbol \Sigma on input line 366.
LaTeX Font Info:    Redeclaring math symbol \Upsilon on input line 367.
LaTeX Font Info:    Redeclaring math symbol \Phi on input line 368.
LaTeX Font Info:    Redeclaring math symbol \Psi on input line 369.
LaTeX Font Info:    Redeclaring math symbol \Omega on input line 370.
\tocchpnum=\dimen111
\tocsecnum=\dimen112
\tocsectotal=\dimen113
\tocsubsecnum=\dimen114
\tocsubsectotal=\dimen115
\tocsubsubsecnum=\dimen116
\tocsubsubsectotal=\dimen117
\tocparanum=\dimen118
\tocparatotal=\dimen119
\tocsubparanum=\dimen120
\@tempcntc=\count96
\fnindent=\dimen121
\c@@inst=\count97
\c@@auth=\count98
\c@auco=\count99
\instindent=\dimen122
\authrun=\box52
\authorrunning=\toks14
\tocauthor=\toks15
\titrun=\box53
\titlerunning=\toks16
\toctitle=\toks17
\c@theorem=\count100
\c@case=\count101
\c@conjecture=\count102
\c@corollary=\count103
\c@definition=\count104
\c@example=\count105
\c@exercise=\count106
\c@lemma=\count107
\c@note=\count108
\c@problem=\count109
\c@property=\count110
\c@proposition=\count111
\c@question=\count112
\c@solution=\count113
\c@remark=\count114
\headlineindent=\dimen123
)
(/usr/share/texmf/tex/latex/amsmath/amsmath.sty
Package: amsmath 2000/07/18 v2.13 AMS math features
\@mathmargin=\skip45

For additional information on amsmath, use the `?' option.
(/usr/share/texmf/tex/latex/amsmath/amstext.sty
Package: amstext 2000/06/29 v2.01

(/usr/share/texmf/tex/latex/amsmath/amsgen.sty
File: amsgen.sty 1999/11/30 v2.0
\@emptytoks=\toks18
\ex@=\dimen124
))
(/usr/share/texmf/tex/latex/amsmath/amsbsy.sty
Package: amsbsy 1999/11/29 v1.2d
\pmbraise@=\dimen125
)
(/usr/share/texmf/tex/latex/amsmath/amsopn.sty
Package: amsopn 1999/12/14 v2.01 operator names
)
\inf@bad=\count115
LaTeX Info: Redefining \frac on input line 211.
\uproot@=\count116
\leftroot@=\count117
LaTeX Info: Redefining \overline on input line 307.
\classnum@=\count118
\DOTSCASE@=\count119
LaTeX Info: Redefining \ldots on input line 379.
LaTeX Info: Redefining \dots on input line 382.
LaTeX Info: Redefining \cdots on input line 467.
\Mathstrutbox@=\box54
\strutbox@=\box55
\big@size=\dimen126
LaTeX Font Info:    Redeclaring font encoding OML on input line 567.
LaTeX Font Info:    Redeclaring font encoding OMS on input line 568.


Package amsmath Warning: Unable to redefine math accent \vec.

\macc@depth=\count120
\c@MaxMatrixCols=\count121
\dotsspace@=\muskip10
\c@parentequation=\count122
\dspbrk@lvl=\count123
\tag@help=\toks19
\row@=\count124
\column@=\count125
\maxfields@=\count126
\andhelp@=\toks20
\eqnshift@=\dimen127
\alignsep@=\dimen128
\tagshift@=\dimen129
\tagwidth@=\dimen130
\totwidth@=\dimen131
\lineht@=\dimen132
\@envbody=\toks21
\multlinegap=\skip46
\multlinetaggap=\skip47
\mathdisplay@stack=\toks22
LaTeX Info: Redefining \[ on input line 2666.
LaTeX Info: Redefining \] on input line 2667.
) (/usr/share/texmf/tex/latex/amsfonts/amssymb.sty
Package: amssymb 2002/01/22 v2.2d

(/usr/share/texmf/tex/latex/amsfonts/amsfonts.sty
Package: amsfonts 2001/10/25 v2.2f
\symAMSa=\mathgroup4
\symAMSb=\mathgroup5
LaTeX Font Info:    Overwriting math alphabet `\mathfrak' in version `bold'
(Font)                  U/euf/m/n --> U/euf/b/n on input line 132.
))
(/usr/share/texmf/tex/latex/graphics/graphicx.sty
Package: graphicx 1999/02/16 v1.0f Enhanced LaTeX Graphics (DPC,SPQR)

(/usr/share/texmf/tex/latex/graphics/keyval.sty
Package: keyval 1999/03/16 v1.13 key=value parser (DPC)
\KV@toks@=\toks23
)
(/usr/share/texmf/tex/latex/graphics/graphics.sty
Package: graphics 2006/02/20 v1.0o Standard LaTeX Graphics (DPC,SPQR)

(/usr/share/texmf/tex/latex/graphics/trig.sty
Package: trig 1999/03/16 v1.09 sin cos tan (DPC)
)
(/usr/share/texmf/tex/latex/config/graphics.cfg
File: graphics.cfg 2007/01/18 v1.5 graphics configuration of teTeX/TeXLive
)
Package graphics Info: Driver file: dvips.def on input line 90.

(/usr/share/texmf/tex/latex/graphics/dvips.def
File: dvips.def 1999/02/16 v3.0i Driver-dependant file (DPC,SPQR)
))
\Gin@req@height=\dimen133
\Gin@req@width=\dimen134
)
(/usr/share/texmf/tex/latex/subfigure/subfigure.sty
Package: subfigure 2002/03/15 v2.1.5 subfigure package
\subfigtopskip=\skip48
\subfigcapskip=\skip49
\subfigcaptopadj=\dimen135
\subfigbottomskip=\skip50
\subfigcapmargin=\dimen136
\subfiglabelskip=\skip51
\c@subfigure=\count127
\c@lofdepth=\count128
\c@subtable=\count129
\c@lotdepth=\count130

****************************************
* Local config file subfigure.cfg used *
****************************************
(/usr/share/texmf/tex/latex/subfigure/subfigure.cfg)
\subfig@top=\skip52
\subfig@bottom=\skip53
)
(/usr/share/texmf/tex/latex/html/url.sty
Package: url 1999/03/02  ver 1.4  Verb mode for urls, email addresses, and file
 names
)
LaTeX Font Info:    Try loading font information for U+msa on input line 11.

(/usr/share/texmf/tex/latex/amsfonts/umsa.fd
File: umsa.fd 2002/01/19 v2.2g AMS font definitions
)
LaTeX Font Info:    Try loading font information for U+msb on input line 11.

(/usr/share/texmf/tex/latex/amsfonts/umsb.fd
File: umsb.fd 2002/01/19 v2.2g AMS font definitions
) (./TeoriaDiBase.aux (./PBF.aux

LaTeX Warning: Label `eqn: prof2' multiply defined.

) (./MCMC.aux

LaTeX Warning: Label `tb: Simulation Metropolis' multiply defined.

) (./MTT.aux

LaTeX Warning: Label `eqn: transition factorized' multiply defined.


LaTeX Warning: Label `eqn: transition factorized 2' multiply defined.


LaTeX Warning: Label `eqn: camera dynamics' multiply defined.


LaTeX Warning: Label `eqn: camera dynamics' multiply defined.

))
\openout1 = `TeoriaDiBase.aux'.

LaTeX Font Info:    Checking defaults for OML/cmm/m/it on input line 20.
LaTeX Font Info:    ... okay on input line 20.
LaTeX Font Info:    Checking defaults for T1/cmr/m/n on input line 20.
LaTeX Font Info:    ... okay on input line 20.
LaTeX Font Info:    Checking defaults for OT1/cmr/m/n on input line 20.
LaTeX Font Info:    ... okay on input line 20.
LaTeX Font Info:    Checking defaults for OMS/cmsy/m/n on input line 20.
LaTeX Font Info:    ... okay on input line 20.
LaTeX Font Info:    Checking defaults for OMX/cmex/m/n on input line 20.
LaTeX Font Info:    ... okay on input line 20.
LaTeX Font Info:    Checking defaults for U/cmr/m/n on input line 20.
LaTeX Font Info:    ... okay on input line 20.
Missing character: There is no ‚ in font cmr10!
Missing character: There is no Ä in font cmr10!
Missing character: There is no ú in font cmr10!
Missing character: There is no ‚ in font cmr10!
Missing character: There is no Ä in font cmr10!
Missing character: There is no ù in font cmr10!
 [1


]
Missing character: There is no √ in font cmr10!
Missing character: There is no § in font cmr10!
Missing character: There is no √ in font cmr10!
Missing character: There is no § in font cmr10!
 [2] [3]
Missing character: There is no √ in font cmr10!
Missing character: There is no § in font cmr10!
Missing character: There is no √ in font cmr10!
Missing character: There is no § in font cmr10!
Missing character: There is no √ in font cmr10!
Missing character: There is no § in font cmr10!
Missing character: There is no √ in font cmr10!
Missing character: There is no § in font cmr10!
Missing character: There is no ‚ in font cmr10!
Missing character: There is no Ä in font cmr10!
Missing character: There is no ô in font cmr10!

Overfull \hbox (12.82162pt too wide) in paragraph at lines 193--209
\OT1/cmr/m/n/10 Optimal Bayesian fil-ter-ing (see, e.g. Jazwin-ski, 1970; Bar-S
halom et al., 2001;Doucet
 []

[4]
Underfull \vbox (badness 10000) has occurred while \output is active []

 [5]
Underfull \hbox (badness 10000) in paragraph at lines 231--238

 []

Missing character: There is no ‚ in font cmr7!
Missing character: There is no à in font cmr7!
Missing character: There is no í in font cmr7!
[6]
Overfull \hbox (3.21928pt too wide) in paragraph at lines 256--257
[]\OT1/cmr/bx/n/10 Prediction dis-tri-bu-tions \OT1/cmr/m/n/10 are the marginal
 dis-tri-bu-tions of the fu-ture states,
 []


Overfull \hbox (6.24304pt too wide) in paragraph at lines 281--285
[]\OT1/cmr/m/it/10 Extended Kalman fil-ter \OT1/cmr/m/n/10 (\OT1/cmr/bx/n/10 EK
F\OT1/cmr/m/n/10 ) ap-prox-i-mates the non-linear and non-Gaussian
 []

[7] [8]
\openout2 = `PBF.aux'.

 (./PBF.tex
\c@thm=\count131

Overfull \hbox (3.20757pt too wide) in paragraph at lines 9--11
[]\OT1/cmr/m/it/10 . Discrete-time state space model or prob-
 []

\c@thm1=\count132
Missing character: There is no ‚ in font cmr7!
Missing character: There is no à in font cmr7!
Missing character: There is no í in font cmr7!
Missing character: There is no ‚ in font cmr7!
Missing character: There is no à in font cmr7!
Missing character: There is no í in font cmr7!
\c@thm2=\count133

Overfull \hbox (8.14117pt too wide) in paragraph at lines 50--52
[]\OT1/cmr/m/it/10 The mea-sure-
 []

[9


]
File: ./ImaginiLatex/gm_directed.eps Graphic file (type eps)
 <./ImaginiLatex/gm_directed.eps> [10]
Missing character: There is no ‚ in font cmr10!
Missing character: There is no Ä in font cmr10!
Missing character: There is no ô in font cmr10!
\c@thm3=\count134
 [11]
Missing character: There is no ‚ in font cmti10!
Missing character: There is no Ä in font cmti10!
Missing character: There is no ô in font cmti10!
 [12]) [13]
\openout2 = `MCMC.aux'.

 (./MCMC.tex [14



]
Missing character: There is no ‚ in font cmr10!
Missing character: There is no Ü in font cmr10!
Missing character: There is no í in font cmr10!

Underfull \hbox (badness 10000) in paragraph at lines 41--56

 []


Underfull \hbox (badness 10000) in paragraph at lines 41--56

 []


Underfull \hbox (badness 10000) in paragraph at lines 41--56

 []

[15] [16]
Missing character: There is no Œ in font cmr10!
Missing character: There is no ∏ in font cmr10!
Missing character: There is no ‚ in font cmr7!
Missing character: There is no à in font cmr10!
Missing character: There is no ó in font cmr10!

Underfull \hbox (badness 10000) in paragraph at lines 78--83

 []

Missing character: There is no ‚ in font cmr7!
Missing character: There is no à in font cmr7!
Missing character: There is no ó in font cmr7!
Missing character: There is no ‚ in font cmr7!
Missing character: There is no à in font cmr10!
Missing character: There is no ó in font cmr10!
[17]
Missing character: There is no ‚ in font cmr7!
Missing character: There is no à in font cmr10!
Missing character: There is no ó in font cmr10!

Underfull \hbox (badness 10000) in paragraph at lines 99--101

 []

Missing character: There is no ‚ in font cmr7!
Missing character: There is no à in font cmr10!
Missing character: There is no ó in font cmr10!

Underfull \hbox (badness 10000) in paragraph at lines 103--113

 []


Underfull \hbox (badness 10000) in paragraph at lines 103--113

 []


Underfull \hbox (badness 10000) in paragraph at lines 103--113

 []

File: ./ImaginiLatex/Metropolis1.eps Graphic file (type eps)
<./ImaginiLatex/Metropolis1.eps>
File: ./ImaginiLatex/Metropolis2.eps Graphic file (type eps)
 <./ImaginiLatex/Metropolis2.eps>
File: ./ImaginiLatex/Metropolis3.eps Graphic file (type eps)

<./ImaginiLatex/Metropolis3.eps>
Overfull \hbox (2.70949pt too wide) in paragraph at lines 116--122
 [] 
 []

[18] (./tabelle/MetropolisSimulationImage.tex
File: ImaginiLatex/MetropolisExample1.eps Graphic file (type eps)

<ImaginiLatex/MetropolisExample1.eps>
File: ImaginiLatex/MetropolisExample2.eps Graphic file (type eps)
 <ImaginiLatex/MetropolisExample2.eps>
File: ImaginiLatex/MetropolisExample3.eps Graphic file (type eps)

<ImaginiLatex/MetropolisExample3.eps>
File: ImaginiLatex/MetropolisExample4.eps Graphic file (type eps)
 <ImaginiLatex/MetropolisExample4.eps>
File: ImaginiLatex/MetropolisExample5.eps Graphic file (type eps)

<ImaginiLatex/MetropolisExample5.eps>
File: ImaginiLatex/MetropolisExample6.eps Graphic file (type eps)
 <ImaginiLatex/MetropolisExample6.eps>
File: ImaginiLatex/MetropolisExample7.eps Graphic file (type eps)

<ImaginiLatex/MetropolisExample7.eps>
File: ImaginiLatex/MetropolisExample8.eps Graphic file (type eps)
 <ImaginiLatex/MetropolisExample8.eps>
Overfull \hbox (5.59998pt too wide) in paragraph at lines 2--22
[][]
 []


Overfull \hbox (5.59998pt too wide) in paragraph at lines 2--22
[]
 []


Overfull \hbox (5.59998pt too wide) in paragraph at lines 2--22
[]
 []


Overfull \hbox (5.59998pt too wide) in paragraph at lines 2--22
[] 
 []


LaTeX Warning: Float too large for page by 70.81644pt on input line 23.

File: ImaginiLatex/MetropolisExample9.eps Graphic file (type eps)
<ImaginiLatex/MetropolisExample9.eps>
File: ImaginiLatex/MetropolisExample10.eps Graphic file (type eps)
 <ImaginiLatex/MetropolisExample10.eps>
File: ImaginiLatex/MetropolisExample11.eps Graphic file (type eps)

<ImaginiLatex/MetropolisExample11.eps>
File: ImaginiLatex/MetropolisExample12.eps Graphic file (type eps)
 <ImaginiLatex/MetropolisExample12.eps>
File: ImaginiLatex/MetropolisExample13.eps Graphic file (type eps)

<ImaginiLatex/MetropolisExample13.eps>
File: ImaginiLatex/MetropolisExample14.eps Graphic file (type eps)
 <ImaginiLatex/MetropolisExample14.eps>
File: ImaginiLatex/MetropolisExample15.eps Graphic file (type eps)

<ImaginiLatex/MetropolisExample15.eps>
File: ImaginiLatex/MetropolisExample16.eps Graphic file (type eps)
 <ImaginiLatex/MetropolisExample16.eps>
Overfull \hbox (5.59998pt too wide) in paragraph at lines 25--45
[][]
 []


Overfull \hbox (5.59998pt too wide) in paragraph at lines 25--45
[]
 []


Overfull \hbox (5.59998pt too wide) in paragraph at lines 25--45
[]
 []


Overfull \hbox (5.59998pt too wide) in paragraph at lines 25--45
[] 
 []


LaTeX Warning: Float too large for page by 70.81644pt on input line 46.

File: ImaginiLatex/MetropolisExample17.eps Graphic file (type eps)
<ImaginiLatex/MetropolisExample17.eps>
File: ImaginiLatex/MetropolisExample18.eps Graphic file (type eps)
 <ImaginiLatex/MetropolisExample18.eps>
File: ImaginiLatex/MetropolisExample19.eps Graphic file (type eps)

<ImaginiLatex/MetropolisExample19.eps>
File: ImaginiLatex/MetropolisExample20.eps Graphic file (type eps)
 <ImaginiLatex/MetropolisExample20.eps>
File: ImaginiLatex/MetropolisExample21.eps Graphic file (type eps)

<ImaginiLatex/MetropolisExample21.eps>
File: ImaginiLatex/MetropolisExample22.eps Graphic file (type eps)
 <ImaginiLatex/MetropolisExample22.eps>
File: ImaginiLatex/MetropolisExample23.eps Graphic file (type eps)

<ImaginiLatex/MetropolisExample23.eps>
File: ImaginiLatex/MetropolisExample24.eps Graphic file (type eps)
 <ImaginiLatex/MetropolisExample24.eps>
Overfull \hbox (5.59998pt too wide) in paragraph at lines 48--68
[][]
 []


Overfull \hbox (5.59998pt too wide) in paragraph at lines 48--68
[]
 []


Overfull \hbox (5.59998pt too wide) in paragraph at lines 48--68
[]
 []


Overfull \hbox (5.59998pt too wide) in paragraph at lines 48--68
[] 
 []


LaTeX Warning: Float too large for page by 70.81644pt on input line 69.

File: ImaginiLatex/MetropolisExample25.eps Graphic file (type eps)
<ImaginiLatex/MetropolisExample25.eps>
File: ImaginiLatex/MetropolisExample26.eps Graphic file (type eps)
 <ImaginiLatex/MetropolisExample26.eps>
File: ImaginiLatex/MetropolisExample27.eps Graphic file (type eps)

<ImaginiLatex/MetropolisExample27.eps>
File: ImaginiLatex/MetropolisExample28.eps Graphic file (type eps)
 <ImaginiLatex/MetropolisExample28.eps>
File: ImaginiLatex/MetropolisExample29.eps Graphic file (type eps)

<ImaginiLatex/MetropolisExample29.eps>
File: ImaginiLatex/MetropolisExample30.eps Graphic file (type eps)
 <ImaginiLatex/MetropolisExample30.eps>
File: ImaginiLatex/MetropolisExample31.eps Graphic file (type eps)

<ImaginiLatex/MetropolisExample31.eps>
File: ImaginiLatex/MetropolisExample32.eps Graphic file (type eps)
 <ImaginiLatex/MetropolisExample32.eps>
Overfull \hbox (5.59998pt too wide) in paragraph at lines 71--91
[][]
 []


Overfull \hbox (5.59998pt too wide) in paragraph at lines 71--91
[]
 []


Overfull \hbox (5.59998pt too wide) in paragraph at lines 71--91
[]
 []


Overfull \hbox (5.59998pt too wide) in paragraph at lines 71--91
[] 
 []


LaTeX Warning: Float too large for page by 70.81644pt on input line 92.

File: ImaginiLatex/MetropolisExample33.eps Graphic file (type eps)
<ImaginiLatex/MetropolisExample33.eps>
File: ImaginiLatex/MetropolisExample34.eps Graphic file (type eps)
 <ImaginiLatex/MetropolisExample34.eps>
File: ImaginiLatex/MetropolisExample35.eps Graphic file (type eps)

<ImaginiLatex/MetropolisExample35.eps>
File: ImaginiLatex/MetropolisExample36.eps Graphic file (type eps)
 <ImaginiLatex/MetropolisExample36.eps>
Overfull \hbox (5.59998pt too wide) in paragraph at lines 94--104
[][]
 []


Overfull \hbox (5.59998pt too wide) in paragraph at lines 94--104
[] 
 []

)

LaTeX Warning: Reference `fig:SimulationMetropolis0' on page 19 undefined on in
put line 157.


LaTeX Warning: Reference `fig:SimulationMetropolis4' on page 19 undefined on in
put line 157.


LaTeX Warning: Reference `tab: Simulation Metropolis' on page 19 undefined on i
nput line 159.

(./tabelle/MetropolisSimulation.tex
Underfull \hbox (badness 10000) in paragraph at lines 152--1

 []

[19]) [20] [21] [22] [23] [24] [25] [26]
Missing character: There is no ‚ in font cmr7!
Missing character: There is no à in font cmr10!
Missing character: There is no ó in font cmr10!
Missing character: There is no ‚ in font cmr7!
Missing character: There is no à in font cmr10!
Missing character: There is no ó in font cmr10!
Missing character: There is no ‚ in font cmr5!
Missing character: There is no à in font cmr7!
Missing character: There is no ó in font cmr7!
Missing character: There is no ‚ in font cmr5!
Missing character: There is no à in font cmr7!
Missing character: There is no ó in font cmr7!
Missing character: There is no ‚ in font cmr7!
Missing character: There is no à in font cmr10!
Missing character: There is no ó in font cmr10!
Missing character: There is no ‚ in font cmr7!
Missing character: There is no à in font cmr10!
Missing character: There is no ó in font cmr10!

Underfull \hbox (badness 10000) in paragraph at lines 184--186

 []

Missing character: There is no ‚ in font cmr7!
Missing character: There is no à in font cmr10!
Missing character: There is no ó in font cmr10!
Missing character: There is no ‚ in font cmr7!
Missing character: There is no à in font cmr10!
Missing character: There is no ó in font cmr10!
Missing character: There is no ‚ in font cmr7!
Missing character: There is no à in font cmr10!
Missing character: There is no ó in font cmr10!

Underfull \hbox (badness 10000) in paragraph at lines 188--202

 []


Underfull \hbox (badness 10000) in paragraph at lines 188--202

 []


Overfull \hbox (6.9882pt too wide) in paragraph at lines 188--202
\OT1/cmr/m/n/10 The fact that asym-met-ric pro-posal dis-tri-bu-tions can be us
ed al-lows the Metropolis-
 []

[27] (./tabelle/MetropolisHastingSimulationImage.tex
File: ImaginiLatex/MetropolisExample1.eps Graphic file (type eps)

<ImaginiLatex/MetropolisExample1.eps>
File: ImaginiLatex/MetropolisExample2.eps Graphic file (type eps)
 <ImaginiLatex/MetropolisExample2.eps>
File: ImaginiLatex/MetropolisExample3.eps Graphic file (type eps)

<ImaginiLatex/MetropolisExample3.eps>
File: ImaginiLatex/MetropolisExample4.eps Graphic file (type eps)
 <ImaginiLatex/MetropolisExample4.eps>
File: ImaginiLatex/MetropolisExample5.eps Graphic file (type eps)

<ImaginiLatex/MetropolisExample5.eps>
File: ImaginiLatex/MetropolisExample6.eps Graphic file (type eps)
 <ImaginiLatex/MetropolisExample6.eps>
File: ImaginiLatex/MetropolisExample7.eps Graphic file (type eps)

<ImaginiLatex/MetropolisExample7.eps>
File: ImaginiLatex/MetropolisExample8.eps Graphic file (type eps)
 <ImaginiLatex/MetropolisExample8.eps>
Overfull \hbox (5.59998pt too wide) in paragraph at lines 2--22
[][]
 []


Overfull \hbox (5.59998pt too wide) in paragraph at lines 2--22
[]
 []


Overfull \hbox (5.59998pt too wide) in paragraph at lines 2--22
[]
 []


Overfull \hbox (5.59998pt too wide) in paragraph at lines 2--22
[] 
 []


LaTeX Warning: Float too large for page by 70.81644pt on input line 23.

File: ImaginiLatex/MetropolisExample9.eps Graphic file (type eps)
<ImaginiLatex/MetropolisExample9.eps>
File: ImaginiLatex/MetropolisExample10.eps Graphic file (type eps)
 <ImaginiLatex/MetropolisExample10.eps>
File: ImaginiLatex/MetropolisExample11.eps Graphic file (type eps)

<ImaginiLatex/MetropolisExample11.eps>
File: ImaginiLatex/MetropolisExample12.eps Graphic file (type eps)
 <ImaginiLatex/MetropolisExample12.eps>
File: ImaginiLatex/MetropolisExample13.eps Graphic file (type eps)

<ImaginiLatex/MetropolisExample13.eps>
File: ImaginiLatex/MetropolisExample14.eps Graphic file (type eps)
 <ImaginiLatex/MetropolisExample14.eps>
File: ImaginiLatex/MetropolisExample15.eps Graphic file (type eps)

<ImaginiLatex/MetropolisExample15.eps>
File: ImaginiLatex/MetropolisExample16.eps Graphic file (type eps)
 <ImaginiLatex/MetropolisExample16.eps>
Overfull \hbox (5.59998pt too wide) in paragraph at lines 25--45
[][]
 []


Overfull \hbox (5.59998pt too wide) in paragraph at lines 25--45
[]
 []


Overfull \hbox (5.59998pt too wide) in paragraph at lines 25--45
[]
 []


Overfull \hbox (5.59998pt too wide) in paragraph at lines 25--45
[] 
 []


LaTeX Warning: Float too large for page by 70.81644pt on input line 46.

File: ImaginiLatex/MetropolisExample17.eps Graphic file (type eps)
<ImaginiLatex/MetropolisExample17.eps>
File: ImaginiLatex/MetropolisExample18.eps Graphic file (type eps)
 <ImaginiLatex/MetropolisExample18.eps>
File: ImaginiLatex/MetropolisExample19.eps Graphic file (type eps)

<ImaginiLatex/MetropolisExample19.eps>
File: ImaginiLatex/MetropolisExample20.eps Graphic file (type eps)
 <ImaginiLatex/MetropolisExample20.eps>
File: ImaginiLatex/MetropolisExample21.eps Graphic file (type eps)

<ImaginiLatex/MetropolisExample21.eps>
File: ImaginiLatex/MetropolisExample22.eps Graphic file (type eps)
 <ImaginiLatex/MetropolisExample22.eps>
File: ImaginiLatex/MetropolisExample23.eps Graphic file (type eps)

<ImaginiLatex/MetropolisExample23.eps>
File: ImaginiLatex/MetropolisExample24.eps Graphic file (type eps)
 <ImaginiLatex/MetropolisExample24.eps>
Overfull \hbox (5.59998pt too wide) in paragraph at lines 48--68
[][]
 []


Overfull \hbox (5.59998pt too wide) in paragraph at lines 48--68
[]
 []


Overfull \hbox (5.59998pt too wide) in paragraph at lines 48--68
[]
 []


Overfull \hbox (5.59998pt too wide) in paragraph at lines 48--68
[] 
 []


LaTeX Warning: Float too large for page by 70.81644pt on input line 69.

File: ImaginiLatex/MetropolisExample25.eps Graphic file (type eps)
<ImaginiLatex/MetropolisExample25.eps>
File: ImaginiLatex/MetropolisExample26.eps Graphic file (type eps)
 <ImaginiLatex/MetropolisExample26.eps>
File: ImaginiLatex/MetropolisExample27.eps Graphic file (type eps)

<ImaginiLatex/MetropolisExample27.eps>
File: ImaginiLatex/MetropolisExample28.eps Graphic file (type eps)
 <ImaginiLatex/MetropolisExample28.eps>
File: ImaginiLatex/MetropolisExample29.eps Graphic file (type eps)

<ImaginiLatex/MetropolisExample29.eps>
File: ImaginiLatex/MetropolisExample30.eps Graphic file (type eps)
 <ImaginiLatex/MetropolisExample30.eps>
File: ImaginiLatex/MetropolisExample31.eps Graphic file (type eps)

<ImaginiLatex/MetropolisExample31.eps>
File: ImaginiLatex/MetropolisExample32.eps Graphic file (type eps)
 <ImaginiLatex/MetropolisExample32.eps>
Overfull \hbox (5.59998pt too wide) in paragraph at lines 71--91
[][]
 []


Overfull \hbox (5.59998pt too wide) in paragraph at lines 71--91
[]
 []


Overfull \hbox (5.59998pt too wide) in paragraph at lines 71--91
[]
 []


Overfull \hbox (5.59998pt too wide) in paragraph at lines 71--91
[] 
 []


LaTeX Warning: Float too large for page by 70.81644pt on input line 92.

File: ImaginiLatex/MetropolisExample33.eps Graphic file (type eps)
<ImaginiLatex/MetropolisExample33.eps>
File: ImaginiLatex/MetropolisExample34.eps Graphic file (type eps)
 <ImaginiLatex/MetropolisExample34.eps>
File: ImaginiLatex/MetropolisExample35.eps Graphic file (type eps)

<ImaginiLatex/MetropolisExample35.eps>
File: ImaginiLatex/MetropolisExample36.eps Graphic file (type eps)
 <ImaginiLatex/MetropolisExample36.eps>
Overfull \hbox (5.59998pt too wide) in paragraph at lines 94--104
[][]
 []


Overfull \hbox (5.59998pt too wide) in paragraph at lines 94--104
[] 
 []

)

LaTeX Warning: Reference `fig:SimulationMetropolisHasting0' on page 28 undefine
d on input line 209.


LaTeX Warning: Reference `fig:SimulationMetropolisHasting4' on page 28 undefine
d on input line 209.


LaTeX Warning: Reference `tab: Simulation Metropolis' on page 28 undefined on i
nput line 211.

(./tabelle/MetropolisHastingSimulation.tex
Underfull \hbox (badness 10000) in paragraph at lines 206--1

 []

) [28] [29] [30] [31] [32] [33] [34]
Missing character: There is no ‚ in font cmr7!
Missing character: There is no à in font cmr10!
Missing character: There is no ó in font cmr10!

Underfull \hbox (badness 10000) in paragraph at lines 224--233

 []

Missing character: There is no ‚ in font cmr7!
Missing character: There is no à in font cmr10!
Missing character: There is no ó in font cmr10!

Underfull \hbox (badness 10000) in paragraph at lines 235--237

 []

Missing character: There is no ‚ in font cmr7!
Missing character: There is no à in font cmr10!
Missing character: There is no ó in font cmr10!
Missing character: There is no ‚ in font cmr7!
Missing character: There is no à in font cmr10!
Missing character: There is no ó in font cmr10!
Missing character: There is no ‚ in font cmr7!
Missing character: There is no à in font cmr10!
Missing character: There is no ó in font cmr10!

Underfull \hbox (badness 10000) in paragraph at lines 239--252

 []


Underfull \hbox (badness 10000) in paragraph at lines 239--252

 []


Underfull \hbox (badness 10000) in paragraph at lines 253--258

 []

[35]
Missing character: There is no ‚ in font cmr7!
Missing character: There is no à in font cmr10!
Missing character: There is no ó in font cmr10!
Missing character: There is no ‚ in font cmr7!
Missing character: There is no à in font cmr10!
Missing character: There is no ó in font cmr10!

Underfull \hbox (badness 10000) in paragraph at lines 269--271

 []

Missing character: There is no ‚ in font cmr7!
Missing character: There is no à in font cmr7!
Missing character: There is no ó in font cmr7!
Missing character: There is no ‚ in font cmr7!
Missing character: There is no à in font cmr7!
Missing character: There is no ó in font cmr7!
Missing character: There is no ‚ in font cmr7!
Missing character: There is no à in font cmr10!
Missing character: There is no ó in font cmr10!

Underfull \hbox (badness 10000) in paragraph at lines 273--284

 []


Underfull \hbox (badness 10000) in paragraph at lines 273--284

 []


Underfull \hbox (badness 10000) in paragraph at lines 273--284

 []

[36]
Overfull \hbox (20.47078pt too wide) in paragraph at lines 293--296
[]$\OML/cmm/m/it/10 N\OT1/cmr/m/n/10 (\OML/cmm/m/it/10 ^^V[]; ^^F[]\OT1/cmr/m/n
/10 )$ are the mul-ti-vari-ate Gaus-sians com-po-nents of the mix-ture parametr
ized
 []


LaTeX Warning: Reference `fig:SimulationMetropolisHasting0' on page 37 undefine
d on input line 301.


LaTeX Warning: Reference `fig:SimulationMetropolisHasting4' on page 37 undefine
d on input line 301.


LaTeX Warning: Reference `tab: Simulation Metropolis' on page 37 undefined on i
nput line 303.


Underfull \hbox (badness 10000) in paragraph at lines 297--305

 []

Missing character: There is no ‚ in font cmr7!
Missing character: There is no à in font cmr10!
Missing character: There is no ó in font cmr10!
[37]
Missing character: There is no ‚ in font cmr7!
Missing character: There is no à in font cmr10!
Missing character: There is no ó in font cmr10!

Underfull \hbox (badness 10000) in paragraph at lines 344--349

 []


Underfull \hbox (badness 10000) in paragraph at lines 344--349

 []


Underfull \hbox (badness 10000) in paragraph at lines 344--349

 []

) [38]
\openout2 = `MTT.aux'.

 (./MTT.tex
Missing character: There is no ‚ in font cmr10!
Missing character: There is no Ä in font cmr10!
Missing character: There is no ô in font cmr10!
 [39



]
Missing character: There is no ‚ in font cmr10!
Missing character: There is no Ä in font cmr10!
Missing character: There is no ô in font cmr10!
 [40]
Underfull \hbox (badness 10000) in paragraph at lines 135--138

 []

[41]
Missing character: There is no ‚ in font cmr10!
Missing character: There is no Ä in font cmr10!
Missing character: There is no ô in font cmr10!
Missing character: There is no ‚ in font cmr10!
Missing character: There is no Ä in font cmr10!
Missing character: There is no ô in font cmr10!

Underfull \hbox (badness 10000) in paragraph at lines 148--169

 []


Underfull \hbox (badness 10000) in paragraph at lines 148--169

 []


Underfull \hbox (badness 10000) in paragraph at lines 148--169

 []


Underfull \hbox (badness 10000) in paragraph at lines 148--169

 []

[42]
Missing character: There is no ‚ in font cmr7!
Missing character: There is no à in font cmr7!
Missing character: There is no í in font cmr7!
Missing character: There is no ‚ in font cmr10!
Missing character: There is no à in font cmr10!
Missing character: There is no í in font cmr10!
 [43] [44]

LaTeX Warning: Reference `sec: Optimal Filtering Equations' on page 45 undefine
d on input line 233.

Missing character: There is no ‚ in font cmr7!
Missing character: There is no à in font cmr7!
Missing character: There is no í in font cmr7!
Missing character: There is no ‚ in font cmr7!
Missing character: There is no à in font cmr7!
Missing character: There is no í in font cmr7!
Missing character: There is no ‚ in font cmr7!
Missing character: There is no à in font cmr7!
Missing character: There is no í in font cmr7!
Missing character: There is no ‚ in font cmr7!
Missing character: There is no à in font cmr7!
Missing character: There is no í in font cmr7!
[45]
Missing character: There is no ‚ in font cmr7!
Missing character: There is no à in font cmr7!
Missing character: There is no í in font cmr7!
Missing character: There is no ‚ in font cmr7!
Missing character: There is no à in font cmr7!
Missing character: There is no í in font cmr7!

Overfull \hbox (24.79445pt too wide) in alignment at lines 286--292
 [][][] []
 []


Overfull \hbox (37.20142pt too wide) detected at line 300
\OML/cmm/m/it/10 p\OT1/cmr/m/n/10 (\OML/cmm/m/it/10 x[]; z[]; v[]; v[]\OMS/cmsy
/m/n/10 j\OML/cmm/m/it/10 x[]; z[]; v[]; v[]\OT1/cmr/m/n/10 ) = \OML/cmm/m/it/1
0 p\OT1/cmr/m/n/10 (\OML/cmm/m/it/10 m[]\OMS/cmsy/m/n/10 j\OML/cmm/m/it/10 m[]\
OT1/cmr/m/n/10 ) = \OML/cmm/m/it/10 N\OT1/cmr/m/n/10 (\OML/cmm/m/it/10 A[]m[]; 
^^F[]\OT1/cmr/m/n/10 )
 []

Missing character: There is no ‚ in font cmr10!
Missing character: There is no Ä in font cmr10!
Missing character: There is no ô in font cmr10!
[46]
Missing character: There is no ‚ in font cmr10!
Missing character: There is no Ä in font cmr10!
Missing character: There is no ô in font cmr10!
Missing character: There is no ‚ in font cmr10!
Missing character: There is no à in font cmr10!
Missing character: There is no í in font cmr10!
Missing character: There is no ‚ in font cmr10!
Missing character: There is no Ä in font cmr10!
Missing character: There is no ô in font cmr10!
 [47] [48] [49]
Missing character: There is no Œ in font cmr10!
Missing character: There is no ò in font cmr10!

Underfull \hbox (badness 10000) in paragraph at lines 500--502

 []

Missing character: There is no ‚ in font cmr7!
Missing character: There is no à in font cmr7!
Missing character: There is no í in font cmr7!
Missing character: There is no ‚ in font cmr7!
Missing character: There is no à in font cmr7!
Missing character: There is no í in font cmr7!
[50]
Underfull \hbox (badness 10000) in paragraph at lines 522--528

 []

Missing character: There is no ‚ in font cmr10!
Missing character: There is no Ä in font cmr10!
Missing character: There is no ô in font cmr10!

Underfull \hbox (badness 10000) in paragraph at lines 530--544

 []


Underfull \hbox (badness 10000) in paragraph at lines 530--544

 []

[51]

LaTeX Font Warning: Font shape `OT1/cmss/m/it' in size <10> not available
(Font)              Font shape `OT1/cmss/m/sl' tried instead on input line 555.



Underfull \hbox (badness 10000) in paragraph at lines 547--577

 []


Underfull \hbox (badness 10000) in paragraph at lines 547--577

 []


Underfull \hbox (badness 10000) in paragraph at lines 547--577

 []


Underfull \hbox (badness 10000) in paragraph at lines 547--577

 []


Underfull \hbox (badness 10000) in paragraph at lines 547--577

 []


Underfull \hbox (badness 10000) in paragraph at lines 547--577

 []


Underfull \hbox (badness 10000) in paragraph at lines 580--584

 []


Underfull \hbox (badness 10000) in paragraph at lines 580--584

 []


Underfull \hbox (badness 10000) in paragraph at lines 586--590

 []


Underfull \hbox (badness 10000) in paragraph at lines 586--590

 []


Underfull \hbox (badness 10000) in paragraph at lines 586--590

 []

[52]) [53] [54

] (./TeoriaDiBase.aux (./PBF.aux) (./MCMC.aux) (./MTT.aux))

LaTeX Warning: There were undefined references.


LaTeX Warning: There were multiply-defined labels.

 ) 
Here is how much of TeX's memory you used:
 2246 strings out of 256217
 27819 string characters out of 1917095
 93250 words of memory out of 1500000
 5444 multiletter control sequences out of 10000+200000
 13773 words of font info for 51 fonts, out of 1200000 for 2000
 645 hyphenation exceptions out of 8191
 29i,14n,24p,629b,396s stack positions out of 5000i,500n,6000p,200000b,15000s

Output written on TeoriaDiBase.dvi (54 pages, 153848 bytes).
